# Logfile created on 2014-05-05 21:03:40 +0200 by logger.rb/44203
I, [2014-05-05T21:03:40.344013 #16794]  INFO -- : 0:  rake (10.0.3) from /Users/pepe/.rvm/gems/ruby-2.0.0-p353/specifications/rake-10.0.3.gemspec
I, [2014-05-05T21:03:45.072135 #16794]  INFO -- : 0:  Platform (0.4.0) from /Users/pepe/.rvm/gems/ruby-2.0.0-p353/specifications/Platform-0.4.0.gemspec
I, [2014-05-05T21:03:47.733550 #16794]  INFO -- : 0:  open4 (1.3.0) from /Users/pepe/.rvm/gems/ruby-2.0.0-p353/specifications/open4-1.3.0.gemspec
I, [2014-05-05T21:03:50.962814 #16794]  INFO -- : 0:  POpen4 (0.1.4) from /Users/pepe/.rvm/gems/ruby-2.0.0-p353/specifications/POpen4-0.1.4.gemspec
I, [2014-05-05T21:03:53.123585 #16794]  INFO -- : 0:  coffee-script-source (1.4.0) from /Users/pepe/.rvm/gems/ruby-2.0.0-p353/specifications/coffee-script-source-1.4.0.gemspec
I, [2014-05-05T21:03:54.647180 #16794]  INFO -- : 0:  multi_json (1.6.1) from /Users/pepe/.rvm/gems/ruby-2.0.0-p353/specifications/multi_json-1.6.1.gemspec
I, [2014-05-05T21:03:54.648350 #16794]  INFO -- : 0:  execjs (1.4.0) from /Users/pepe/.rvm/gems/ruby-2.0.0-p353/specifications/execjs-1.4.0.gemspec
I, [2014-05-05T21:03:54.648972 #16794]  INFO -- : 0:  coffee-script (2.2.0) from /Users/pepe/.rvm/gems/ruby-2.0.0-p353/specifications/coffee-script-2.2.0.gemspec
I, [2014-05-05T21:03:54.649690 #16794]  INFO -- : 0:  colored (1.2) from /Users/pepe/.rvm/gems/ruby-2.0.0-p353/specifications/colored-1.2.gemspec
I, [2014-05-05T21:03:56.314230 #16794]  INFO -- : 0:  commonjs (0.2.6) from /Users/pepe/.rvm/gems/ruby-2.0.0-p353/specifications/commonjs-0.2.6.gemspec
I, [2014-05-05T21:03:58.292670 #16794]  INFO -- : 0:  jshintrb (0.2.1) from /Users/pepe/.rvm/gems/ruby-2.0.0-p353/specifications/jshintrb-0.2.1.gemspec
I, [2014-05-05T21:04:32.620322 #16794]  INFO -- : 0:  json (1.7.7) from /Users/pepe/.rvm/gems/ruby-2.0.0-p353/specifications/json-1.7.7.gemspec
I, [2014-05-05T21:04:37.272526 #16794]  INFO -- : 0:  less (2.2.2) from /Users/pepe/.rvm/gems/ruby-2.0.0-p353/specifications/less-2.2.2.gemspec
I, [2014-05-05T21:06:29.744387 #16794]  INFO -- : 0:  libv8 (3.11.8.13) from /Users/pepe/.rvm/gems/ruby-2.0.0-p353/specifications/libv8-3.11.8.13-x86_64-darwin-12.gemspec
I, [2014-05-05T21:06:29.745072 #16794]  INFO -- : 0:  rack (1.5.2) from /Users/pepe/.rvm/gems/ruby-2.0.0-p353/specifications/rack-1.5.2.gemspec
I, [2014-05-05T21:06:32.751777 #16794]  INFO -- : 0:  thor (0.17.0) from /Users/pepe/.rvm/gems/ruby-2.0.0-p353/specifications/thor-0.17.0.gemspec
I, [2014-05-05T21:06:33.288747 #16794]  INFO -- : 0:  rake-pipeline (0.8.0) from /Users/pepe/.rvm/gems/ruby-2.0.0-p353/bundler/gems/rake-pipeline-ee992cbcda51/rake-pipeline.gemspec
I, [2014-05-05T21:06:35.158514 #16794]  INFO -- : 0:  rake-pipeline-i18n-filters (0.0.5) from /Users/pepe/.rvm/gems/ruby-2.0.0-p353/specifications/rake-pipeline-i18n-filters-0.0.5.gemspec
I, [2014-05-05T21:06:35.266123 #16794]  INFO -- : 0:  rake-pipeline-web-filters (0.6.0) from /Users/pepe/.rvm/gems/ruby-2.0.0-p353/bundler/gems/rake-pipeline-web-filters-d83f54cc0d4e/rake-pipeline-web-filters.gemspec
I, [2014-05-05T21:06:37.188759 #16794]  INFO -- : 0:  ref (1.0.2) from /Users/pepe/.rvm/gems/ruby-2.0.0-p353/specifications/ref-1.0.2.gemspec
I, [2014-05-05T21:06:58.142772 #16794]  INFO -- : 0:  therubyracer (0.11.2) from /Users/pepe/.rvm/gems/ruby-2.0.0-p353/specifications/therubyracer-0.11.2.gemspec
I, [2014-05-05T21:07:00.009900 #16794]  INFO -- : 0:  tilt (1.3.3) from /Users/pepe/.rvm/gems/ruby-2.0.0-p353/specifications/tilt-1.3.3.gemspec
I, [2014-05-05T21:07:01.655069 #16794]  INFO -- : 0:  uglifier (1.3.0) from /Users/pepe/.rvm/gems/ruby-2.0.0-p353/specifications/uglifier-1.3.0.gemspec
I, [2014-05-05T21:07:08.518079 #16794]  INFO -- : 0:  yui-compressor (0.9.6) from /Users/pepe/.rvm/gems/ruby-2.0.0-p353/specifications/yui-compressor-0.9.6.gemspec
I, [2014-05-05T21:07:08.518836 #16794]  INFO -- : 0:  bundler (1.5.1) from /Users/pepe/.rvm/gems/ruby-2.0.0-p353@global/specifications/bundler-1.5.1.gemspec
I, [2014-06-17T19:35:34.611718 #23531]  INFO -- : 0:  rake (10.0.3) from /Users/pepe/.rvm/gems/ruby-2.1.0/specifications/rake-10.0.3.gemspec
I, [2014-06-17T19:35:46.012639 #23531]  INFO -- : 0:  Platform (0.4.0) from /Users/pepe/.rvm/gems/ruby-2.1.0/specifications/Platform-0.4.0.gemspec
I, [2014-06-17T19:35:50.889631 #23531]  INFO -- : 0:  open4 (1.3.0) from /Users/pepe/.rvm/gems/ruby-2.1.0/specifications/open4-1.3.0.gemspec
I, [2014-06-17T19:35:53.594590 #23531]  INFO -- : 0:  POpen4 (0.1.4) from /Users/pepe/.rvm/gems/ruby-2.1.0/specifications/POpen4-0.1.4.gemspec
I, [2014-06-17T19:35:59.257556 #23531]  INFO -- : 0:  coffee-script-source (1.4.0) from /Users/pepe/.rvm/gems/ruby-2.1.0/specifications/coffee-script-source-1.4.0.gemspec
I, [2014-06-17T19:36:06.976801 #23531]  INFO -- : 0:  multi_json (1.6.1) from /Users/pepe/.rvm/gems/ruby-2.1.0/specifications/multi_json-1.6.1.gemspec
I, [2014-06-17T19:36:09.935649 #23531]  INFO -- : 0:  execjs (1.4.0) from /Users/pepe/.rvm/gems/ruby-2.1.0/specifications/execjs-1.4.0.gemspec
I, [2014-06-17T19:36:13.110926 #23531]  INFO -- : 0:  coffee-script (2.2.0) from /Users/pepe/.rvm/gems/ruby-2.1.0/specifications/coffee-script-2.2.0.gemspec
I, [2014-06-17T19:36:13.112020 #23531]  INFO -- : 0:  colored (1.2) from /Users/pepe/.rvm/gems/ruby-2.1.0/specifications/colored-1.2.gemspec
I, [2014-06-17T19:36:15.902042 #23531]  INFO -- : 0:  commonjs (0.2.6) from /Users/pepe/.rvm/gems/ruby-2.1.0/specifications/commonjs-0.2.6.gemspec
I, [2014-06-17T19:36:18.862492 #23531]  INFO -- : 0:  jshintrb (0.2.1) from /Users/pepe/.rvm/gems/ruby-2.1.0/specifications/jshintrb-0.2.1.gemspec
I, [2014-06-17T19:36:31.228939 #23531]  INFO -- : 0:  json (1.7.7) from /Users/pepe/.rvm/gems/ruby-2.1.0/specifications/json-1.7.7.gemspec
I, [2014-06-17T19:36:31.229513 #23531]  INFO -- : 0:  less (2.2.2) from /Users/pepe/.rvm/gems/ruby-2.1.0/specifications/less-2.2.2.gemspec
I, [2014-06-17T19:37:28.046893 #23531]  INFO -- : 0:  libv8 (3.11.8.13) from /Users/pepe/.rvm/gems/ruby-2.1.0/specifications/libv8-3.11.8.13-x86_64-darwin-12.gemspec
I, [2014-06-17T19:37:28.047726 #23531]  INFO -- : 0:  rack (1.5.2) from /Users/pepe/.rvm/gems/ruby-2.1.0/specifications/rack-1.5.2.gemspec
I, [2014-06-17T19:37:33.054768 #23531]  INFO -- : 0:  thor (0.17.0) from /Users/pepe/.rvm/gems/ruby-2.1.0/specifications/thor-0.17.0.gemspec
I, [2014-06-17T19:37:33.225171 #23531]  INFO -- : 0:  rake-pipeline (0.8.0) from /Users/pepe/.rvm/gems/ruby-2.1.0/bundler/gems/rake-pipeline-ee992cbcda51/rake-pipeline.gemspec
I, [2014-06-17T19:37:38.212184 #23531]  INFO -- : 0:  rake-pipeline-i18n-filters (0.0.5) from /Users/pepe/.rvm/gems/ruby-2.1.0/specifications/rake-pipeline-i18n-filters-0.0.5.gemspec
I, [2014-06-17T19:37:38.281136 #23531]  INFO -- : 0:  rake-pipeline-web-filters (0.6.0) from /Users/pepe/.rvm/gems/ruby-2.1.0/bundler/gems/rake-pipeline-web-filters-d83f54cc0d4e/rake-pipeline-web-filters.gemspec
I, [2014-06-17T19:37:43.338789 #23531]  INFO -- : 0:  ref (1.0.2) from /Users/pepe/.rvm/gems/ruby-2.1.0/specifications/ref-1.0.2.gemspec
I, [2014-06-17T19:38:03.868504 #23531]  INFO -- : 0:  therubyracer (0.11.2) from /Users/pepe/.rvm/gems/ruby-2.1.0/specifications/therubyracer-0.11.2.gemspec
I, [2014-06-17T19:38:03.869534 #23531]  INFO -- : 0:  tilt (1.3.3) from /Users/pepe/.rvm/gems/ruby-2.1.0/specifications/tilt-1.3.3.gemspec
I, [2014-06-17T19:38:06.179996 #23531]  INFO -- : 0:  uglifier (1.3.0) from /Users/pepe/.rvm/gems/ruby-2.1.0/specifications/uglifier-1.3.0.gemspec
I, [2014-06-17T19:38:10.463372 #23531]  INFO -- : 0:  yui-compressor (0.9.6) from /Users/pepe/.rvm/gems/ruby-2.1.0/specifications/yui-compressor-0.9.6.gemspec
I, [2014-06-17T19:38:10.464126 #23531]  INFO -- : 0:  bundler (1.5.1) from /Users/pepe/.rvm/gems/ruby-2.1.0/specifications/bundler-1.5.1.gemspec
I, [2014-06-18T12:30:38.149880 #38010]  INFO -- : 0:  rake (10.0.3) from /Users/pepe/.rvm/gems/ruby-2.0.0-p353/specifications/rake-10.0.3.gemspec
I, [2014-06-18T12:30:38.174487 #38010]  INFO -- : 0:  Platform (0.4.0) from /Users/pepe/.rvm/gems/ruby-2.0.0-p353/specifications/Platform-0.4.0.gemspec
I, [2014-06-18T12:30:38.175387 #38010]  INFO -- : 0:  open4 (1.3.0) from /Users/pepe/.rvm/gems/ruby-2.0.0-p353/specifications/open4-1.3.0.gemspec
I, [2014-06-18T12:30:38.175963 #38010]  INFO -- : 0:  POpen4 (0.1.4) from /Users/pepe/.rvm/gems/ruby-2.0.0-p353/specifications/POpen4-0.1.4.gemspec
I, [2014-06-18T12:30:38.176511 #38010]  INFO -- : 0:  coffee-script-source (1.4.0) from /Users/pepe/.rvm/gems/ruby-2.0.0-p353/specifications/coffee-script-source-1.4.0.gemspec
I, [2014-06-18T12:30:38.177112 #38010]  INFO -- : 0:  multi_json (1.6.1) from /Users/pepe/.rvm/gems/ruby-2.0.0-p353/specifications/multi_json-1.6.1.gemspec
I, [2014-06-18T12:30:38.177834 #38010]  INFO -- : 0:  execjs (1.4.0) from /Users/pepe/.rvm/gems/ruby-2.0.0-p353/specifications/execjs-1.4.0.gemspec
I, [2014-06-18T12:30:38.181237 #38010]  INFO -- : 0:  coffee-script (2.2.0) from /Users/pepe/.rvm/gems/ruby-2.0.0-p353/specifications/coffee-script-2.2.0.gemspec
I, [2014-06-18T12:30:38.181889 #38010]  INFO -- : 0:  colored (1.2) from /Users/pepe/.rvm/gems/ruby-2.0.0-p353/specifications/colored-1.2.gemspec
I, [2014-06-18T12:30:38.182386 #38010]  INFO -- : 0:  commonjs (0.2.6) from /Users/pepe/.rvm/gems/ruby-2.0.0-p353/specifications/commonjs-0.2.6.gemspec
I, [2014-06-18T12:30:38.182785 #38010]  INFO -- : 0:  jshintrb (0.2.1) from /Users/pepe/.rvm/gems/ruby-2.0.0-p353/specifications/jshintrb-0.2.1.gemspec
I, [2014-06-18T12:30:38.183211 #38010]  INFO -- : 0:  json (1.7.7) from /Users/pepe/.rvm/gems/ruby-2.0.0-p353/specifications/json-1.7.7.gemspec
I, [2014-06-18T12:30:38.183542 #38010]  INFO -- : 0:  less (2.2.2) from /Users/pepe/.rvm/gems/ruby-2.0.0-p353/specifications/less-2.2.2.gemspec
I, [2014-06-18T12:30:38.183900 #38010]  INFO -- : 0:  libv8 (3.11.8.13) from /Users/pepe/.rvm/gems/ruby-2.0.0-p353/specifications/libv8-3.11.8.13-x86_64-darwin-12.gemspec
I, [2014-06-18T12:30:38.184236 #38010]  INFO -- : 0:  rack (1.5.2) from /Users/pepe/.rvm/gems/ruby-2.0.0-p353/specifications/rack-1.5.2.gemspec
I, [2014-06-18T12:30:38.184574 #38010]  INFO -- : 0:  thor (0.17.0) from /Users/pepe/.rvm/gems/ruby-2.0.0-p353/specifications/thor-0.17.0.gemspec
I, [2014-06-18T12:30:39.126731 #38010]  INFO -- : 0:  rake-pipeline (0.8.0) from /Users/pepe/.rvm/gems/ruby-2.0.0-p353/bundler/gems/rake-pipeline-ee992cbcda51/rake-pipeline.gemspec
I, [2014-06-18T12:30:39.127588 #38010]  INFO -- : 0:  rake-pipeline-i18n-filters (0.0.5) from /Users/pepe/.rvm/gems/ruby-2.0.0-p353/specifications/rake-pipeline-i18n-filters-0.0.5.gemspec
I, [2014-06-18T12:30:39.821416 #38010]  INFO -- : 0:  rake-pipeline-web-filters (0.6.0) from /Users/pepe/.rvm/gems/ruby-2.0.0-p353/bundler/gems/rake-pipeline-web-filters-d83f54cc0d4e/rake-pipeline-web-filters.gemspec
I, [2014-06-18T12:30:39.821886 #38010]  INFO -- : 0:  ref (1.0.2) from /Users/pepe/.rvm/gems/ruby-2.0.0-p353/specifications/ref-1.0.2.gemspec
I, [2014-06-18T12:30:39.822198 #38010]  INFO -- : 0:  therubyracer (0.11.2) from /Users/pepe/.rvm/gems/ruby-2.0.0-p353/specifications/therubyracer-0.11.2.gemspec
I, [2014-06-18T12:30:39.822516 #38010]  INFO -- : 0:  tilt (1.3.3) from /Users/pepe/.rvm/gems/ruby-2.0.0-p353/specifications/tilt-1.3.3.gemspec
I, [2014-06-18T12:30:39.822820 #38010]  INFO -- : 0:  uglifier (1.3.0) from /Users/pepe/.rvm/gems/ruby-2.0.0-p353/specifications/uglifier-1.3.0.gemspec
I, [2014-06-18T12:30:39.823117 #38010]  INFO -- : 0:  yui-compressor (0.9.6) from /Users/pepe/.rvm/gems/ruby-2.0.0-p353/specifications/yui-compressor-0.9.6.gemspec
I, [2014-06-18T12:30:39.823400 #38010]  INFO -- : 0:  bundler (1.5.1) from /Users/pepe/.rvm/gems/ruby-2.0.0-p353@global/specifications/bundler-1.5.1.gemspec
I, [2014-06-18T16:53:48.159296 #41813]  INFO -- : 0:  rake (10.0.3) from /Users/pepe/.rvm/gems/ruby-2.1.0/specifications/rake-10.0.3.gemspec
I, [2014-06-18T16:53:48.159828 #41813]  INFO -- : 0:  Platform (0.4.0) from /Users/pepe/.rvm/gems/ruby-2.1.0/specifications/Platform-0.4.0.gemspec
I, [2014-06-18T16:53:48.160258 #41813]  INFO -- : 0:  open4 (1.3.0) from /Users/pepe/.rvm/gems/ruby-2.1.0/specifications/open4-1.3.0.gemspec
I, [2014-06-18T16:53:48.160664 #41813]  INFO -- : 0:  POpen4 (0.1.4) from /Users/pepe/.rvm/gems/ruby-2.1.0/specifications/POpen4-0.1.4.gemspec
I, [2014-06-18T16:53:48.161063 #41813]  INFO -- : 0:  coffee-script-source (1.4.0) from /Users/pepe/.rvm/gems/ruby-2.1.0/specifications/coffee-script-source-1.4.0.gemspec
I, [2014-06-18T16:53:48.161503 #41813]  INFO -- : 0:  multi_json (1.6.1) from /Users/pepe/.rvm/gems/ruby-2.1.0/specifications/multi_json-1.6.1.gemspec
I, [2014-06-18T16:53:48.161832 #41813]  INFO -- : 0:  execjs (1.4.0) from /Users/pepe/.rvm/gems/ruby-2.1.0/specifications/execjs-1.4.0.gemspec
I, [2014-06-18T16:53:48.162152 #41813]  INFO -- : 0:  coffee-script (2.2.0) from /Users/pepe/.rvm/gems/ruby-2.1.0/specifications/coffee-script-2.2.0.gemspec
I, [2014-06-18T16:53:48.162451 #41813]  INFO -- : 0:  colored (1.2) from /Users/pepe/.rvm/gems/ruby-2.1.0/specifications/colored-1.2.gemspec
I, [2014-06-18T16:53:48.162751 #41813]  INFO -- : 0:  commonjs (0.2.6) from /Users/pepe/.rvm/gems/ruby-2.1.0/specifications/commonjs-0.2.6.gemspec
I, [2014-06-18T16:53:48.163056 #41813]  INFO -- : 0:  jshintrb (0.2.1) from /Users/pepe/.rvm/gems/ruby-2.1.0/specifications/jshintrb-0.2.1.gemspec
I, [2014-06-18T16:53:48.163359 #41813]  INFO -- : 0:  json (1.7.7) from /Users/pepe/.rvm/gems/ruby-2.1.0/specifications/json-1.7.7.gemspec
I, [2014-06-18T16:53:48.163644 #41813]  INFO -- : 0:  less (2.2.2) from /Users/pepe/.rvm/gems/ruby-2.1.0/specifications/less-2.2.2.gemspec
I, [2014-06-18T16:53:48.163973 #41813]  INFO -- : 0:  libv8 (3.11.8.13) from /Users/pepe/.rvm/gems/ruby-2.1.0/specifications/libv8-3.11.8.13-x86_64-darwin-12.gemspec
I, [2014-06-18T16:53:48.166077 #41813]  INFO -- : 0:  rack (1.5.2) from /Users/pepe/.rvm/gems/ruby-2.1.0/specifications/rack-1.5.2.gemspec
I, [2014-06-18T16:53:48.166436 #41813]  INFO -- : 0:  thor (0.17.0) from /Users/pepe/.rvm/gems/ruby-2.1.0/specifications/thor-0.17.0.gemspec
I, [2014-06-18T16:53:48.770144 #41813]  INFO -- : 0:  rake-pipeline (0.8.0) from /Users/pepe/.rvm/gems/ruby-2.1.0/bundler/gems/rake-pipeline-ee992cbcda51/rake-pipeline.gemspec
I, [2014-06-18T16:53:48.771291 #41813]  INFO -- : 0:  rake-pipeline-i18n-filters (0.0.5) from /Users/pepe/.rvm/gems/ruby-2.1.0/specifications/rake-pipeline-i18n-filters-0.0.5.gemspec
I, [2014-06-18T16:53:48.900118 #41813]  INFO -- : 0:  rake-pipeline-web-filters (0.6.0) from /Users/pepe/.rvm/gems/ruby-2.1.0/bundler/gems/rake-pipeline-web-filters-d83f54cc0d4e/rake-pipeline-web-filters.gemspec
I, [2014-06-18T16:53:48.900606 #41813]  INFO -- : 0:  ref (1.0.2) from /Users/pepe/.rvm/gems/ruby-2.1.0/specifications/ref-1.0.2.gemspec
I, [2014-06-18T16:53:48.900934 #41813]  INFO -- : 0:  therubyracer (0.11.2) from /Users/pepe/.rvm/gems/ruby-2.1.0/specifications/therubyracer-0.11.2.gemspec
I, [2014-06-18T16:53:48.901278 #41813]  INFO -- : 0:  tilt (1.3.3) from /Users/pepe/.rvm/gems/ruby-2.1.0/specifications/tilt-1.3.3.gemspec
I, [2014-06-18T16:53:48.901632 #41813]  INFO -- : 0:  uglifier (1.3.0) from /Users/pepe/.rvm/gems/ruby-2.1.0/specifications/uglifier-1.3.0.gemspec
I, [2014-06-18T16:53:48.901962 #41813]  INFO -- : 0:  yui-compressor (0.9.6) from /Users/pepe/.rvm/gems/ruby-2.1.0/specifications/yui-compressor-0.9.6.gemspec
I, [2014-06-18T16:53:48.902251 #41813]  INFO -- : 0:  bundler (1.5.1) from /Users/pepe/.rvm/gems/ruby-2.1.0/specifications/bundler-1.5.1.gemspec
